Analysis & Synthesis report for Lab3
Wed Oct 03 15:07:09 2018
Quartus Prime Version 18.0.0 Build 614 04/24/2018 SJ Lite Edition


---------------------
; Table of Contents ;
---------------------
  1. Legal Notice
  2. Analysis & Synthesis Summary
  3. Analysis & Synthesis Settings
  4. Parallel Compilation
  5. Analysis & Synthesis Source Files Read
  6. Analysis & Synthesis Resource Usage Summary
  7. Analysis & Synthesis Resource Utilization by Entity
  8. State Machine - |Lab3|controller:inst|state
  9. Registers Removed During Synthesis
 10. General Register Statistics
 11. Inverted Register Statistics
 12. Multiplexer Restructuring Statistics (Restructuring Performed)
 13. Parameter Settings for User Entity Instance: alu_sp:inst3|8faddb:2
 14. Parameter Settings for User Entity Instance: controller:inst
 15. Post-Synthesis Netlist Statistics for Top Partition
 16. Elapsed Time Per Partition
 17. Analysis & Synthesis Messages
 18. Analysis & Synthesis Suppressed Messages



----------------
; Legal Notice ;
----------------
Copyright (C) 2018  Intel Corporation. All rights reserved.
Your use of Intel Corporation's design tools, logic functions 
and other software and tools, and its AMPP partner logic 
functions, and any output files from any of the foregoing 
(including device programming or simulation files), and any 
associated documentation or information are expressly subject 
to the terms and conditions of the Intel Program License 
Subscription Agreement, the Intel Quartus Prime License Agreement,
the Intel FPGA IP License Agreement, or other applicable license
agreement, including, without limitation, that your use is for
the sole purpose of programming logic devices manufactured by
Intel and sold by Intel or its authorized distributors.  Please
refer to the applicable agreement for further details.



+-------------------------------------------------------------------------------+
; Analysis & Synthesis Summary                                                  ;
+---------------------------------+---------------------------------------------+
; Analysis & Synthesis Status     ; Successful - Wed Oct 03 15:07:09 2018       ;
; Quartus Prime Version           ; 18.0.0 Build 614 04/24/2018 SJ Lite Edition ;
; Revision Name                   ; Lab3                                        ;
; Top-level Entity Name           ; Lab3                                        ;
; Family                          ; Cyclone V                                   ;
; Logic utilization (in ALMs)     ; N/A                                         ;
; Total registers                 ; 24                                          ;
; Total pins                      ; 31                                          ;
; Total virtual pins              ; 0                                           ;
; Total block memory bits         ; 0                                           ;
; Total DSP Blocks                ; 0                                           ;
; Total HSSI RX PCSs              ; 0                                           ;
; Total HSSI PMA RX Deserializers ; 0                                           ;
; Total HSSI TX PCSs              ; 0                                           ;
; Total HSSI PMA TX Serializers   ; 0                                           ;
; Total PLLs                      ; 0                                           ;
; Total DLLs                      ; 0                                           ;
+---------------------------------+---------------------------------------------+


+---------------------------------------------------------------------------------------------------------------------------+
; Analysis & Synthesis Settings                                                                                             ;
+---------------------------------------------------------------------------------+--------------------+--------------------+
; Option                                                                          ; Setting            ; Default Value      ;
+---------------------------------------------------------------------------------+--------------------+--------------------+
; Device                                                                          ; 5CEBA4F23C7        ;                    ;
; Top-level entity name                                                           ; Lab3               ; Lab3               ;
; Family name                                                                     ; Cyclone V          ; Cyclone V          ;
; Optimization Technique                                                          ; Speed              ; Balanced           ;
; Use smart compilation                                                           ; Off                ; Off                ;
; Enable parallel Assembler and Timing Analyzer during compilation                ; On                 ; On                 ;
; Enable compact report table                                                     ; Off                ; Off                ;
; Restructure Multiplexers                                                        ; Auto               ; Auto               ;
; MLAB Add Timing Constraints For Mixed-Port Feed-Through Mode Setting Don't Care ; Off                ; Off                ;
; Create Debugging Nodes for IP Cores                                             ; Off                ; Off                ;
; Preserve fewer node names                                                       ; On                 ; On                 ;
; Intel FPGA IP Evaluation Mode                                                   ; Enable             ; Enable             ;
; Verilog Version                                                                 ; Verilog_2001       ; Verilog_2001       ;
; VHDL Version                                                                    ; VHDL_1993          ; VHDL_1993          ;
; State Machine Processing                                                        ; Auto               ; Auto               ;
; Safe State Machine                                                              ; Off                ; Off                ;
; Extract Verilog State Machines                                                  ; On                 ; On                 ;
; Extract VHDL State Machines                                                     ; On                 ; On                 ;
; Ignore Verilog initial constructs                                               ; Off                ; Off                ;
; Iteration limit for constant Verilog loops                                      ; 5000               ; 5000               ;
; Iteration limit for non-constant Verilog loops                                  ; 250                ; 250                ;
; Add Pass-Through Logic to Inferred RAMs                                         ; On                 ; On                 ;
; Infer RAMs from Raw Logic                                                       ; On                 ; On                 ;
; Parallel Synthesis                                                              ; On                 ; On                 ;
; DSP Block Balancing                                                             ; Auto               ; Auto               ;
; NOT Gate Push-Back                                                              ; On                 ; On                 ;
; Power-Up Don't Care                                                             ; On                 ; On                 ;
; Remove Redundant Logic Cells                                                    ; Off                ; Off                ;
; Remove Duplicate Registers                                                      ; On                 ; On                 ;
; Ignore CARRY Buffers                                                            ; Off                ; Off                ;
; Ignore CASCADE Buffers                                                          ; Off                ; Off                ;
; Ignore GLOBAL Buffers                                                           ; Off                ; Off                ;
; Ignore ROW GLOBAL Buffers                                                       ; Off                ; Off                ;
; Ignore LCELL Buffers                                                            ; Off                ; Off                ;
; Ignore SOFT Buffers                                                             ; On                 ; On                 ;
; Limit AHDL Integers to 32 Bits                                                  ; Off                ; Off                ;
; Carry Chain Length                                                              ; 70                 ; 70                 ;
; Auto Carry Chains                                                               ; On                 ; On                 ;
; Auto Open-Drain Pins                                                            ; On                 ; On                 ;
; Perform WYSIWYG Primitive Resynthesis                                           ; Off                ; Off                ;
; Auto ROM Replacement                                                            ; On                 ; On                 ;
; Auto RAM Replacement                                                            ; On                 ; On                 ;
; Auto DSP Block Replacement                                                      ; On                 ; On                 ;
; Auto Shift Register Replacement                                                 ; Auto               ; Auto               ;
; Allow Shift Register Merging across Hierarchies                                 ; Auto               ; Auto               ;
; Auto Clock Enable Replacement                                                   ; On                 ; On                 ;
; Strict RAM Replacement                                                          ; Off                ; Off                ;
; Allow Synchronous Control Signals                                               ; On                 ; On                 ;
; Force Use of Synchronous Clear Signals                                          ; Off                ; Off                ;
; Auto Resource Sharing                                                           ; Off                ; Off                ;
; Allow Any RAM Size For Recognition                                              ; Off                ; Off                ;
; Allow Any ROM Size For Recognition                                              ; Off                ; Off                ;
; Allow Any Shift Register Size For Recognition                                   ; Off                ; Off                ;
; Use LogicLock Constraints during Resource Balancing                             ; On                 ; On                 ;
; Ignore translate_off and synthesis_off directives                               ; Off                ; Off                ;
; Timing-Driven Synthesis                                                         ; On                 ; On                 ;
; Report Parameter Settings                                                       ; On                 ; On                 ;
; Report Source Assignments                                                       ; On                 ; On                 ;
; Report Connectivity Checks                                                      ; On                 ; On                 ;
; Ignore Maximum Fan-Out Assignments                                              ; Off                ; Off                ;
; Synchronization Register Chain Length                                           ; 3                  ; 3                  ;
; Power Optimization During Synthesis                                             ; Normal compilation ; Normal compilation ;
; HDL message level                                                               ; Level2             ; Level2             ;
; Suppress Register Optimization Related Messages                                 ; Off                ; Off                ;
; Number of Removed Registers Reported in Synthesis Report                        ; 5000               ; 5000               ;
; Number of Swept Nodes Reported in Synthesis Report                              ; 5000               ; 5000               ;
; Number of Inverted Registers Reported in Synthesis Report                       ; 100                ; 100                ;
; Clock MUX Protection                                                            ; On                 ; On                 ;
; Auto Gated Clock Conversion                                                     ; Off                ; Off                ;
; Block Design Naming                                                             ; Auto               ; Auto               ;
; SDC constraint protection                                                       ; Off                ; Off                ;
; Synthesis Effort                                                                ; Auto               ; Auto               ;
; Shift Register Replacement - Allow Asynchronous Clear Signal                    ; On                 ; On                 ;
; Pre-Mapping Resynthesis Optimization                                            ; Off                ; Off                ;
; Analysis & Synthesis Message Level                                              ; Medium             ; Medium             ;
; Disable Register Merging Across Hierarchies                                     ; Auto               ; Auto               ;
; Resource Aware Inference For Block RAM                                          ; On                 ; On                 ;
; Automatic Parallel Synthesis                                                    ; On                 ; On                 ;
; Partial Reconfiguration Bitstream ID                                            ; Off                ; Off                ;
+---------------------------------------------------------------------------------+--------------------+--------------------+


+------------------------------------------+
; Parallel Compilation                     ;
+----------------------------+-------------+
; Processors                 ; Number      ;
+----------------------------+-------------+
; Number detected on machine ; 12          ;
; Maximum allowed            ; 6           ;
;                            ;             ;
; Average used               ; 1.00        ;
; Maximum used               ; 6           ;
;                            ;             ;
; Usage by Processor         ; % Time Used ;
;     Processor 1            ; 100.0%      ;
;     Processors 2-6         ;   0.0%      ;
+----------------------------+-------------+


+------------------------------------------------------------------------------------------------------------------------------------------------------------------------------------------------------+
; Analysis & Synthesis Source Files Read                                                                                                                                                               ;
+-------------------------------------------+-----------------+------------------------------------+-----------------------------------------------------------------------------------------+---------+
; File Name with User-Entered Path          ; Used in Netlist ; File Type                          ; File Name with Absolute Path                                                            ; Library ;
+-------------------------------------------+-----------------+------------------------------------+-----------------------------------------------------------------------------------------+---------+
; ../Lab2/hexdecoder.v                      ; yes             ; User Verilog HDL File              ; C:/Users/black/OneDrive/Documents/ECE473/Lab2/hexdecoder.v                              ;         ;
; Ulam_Processor_Components/wire_ex.bdf     ; yes             ; User Block Diagram/Schematic File  ; C:/Users/black/OneDrive/Documents/ECE473/Lab3/Ulam_Processor_Components/wire_ex.bdf     ;         ;
; Ulam_Processor_Components/OneDetector.bdf ; yes             ; User Block Diagram/Schematic File  ; C:/Users/black/OneDrive/Documents/ECE473/Lab3/Ulam_Processor_Components/OneDetector.bdf ;         ;
; Ulam_Processor_Components/alu_sp.bdf      ; yes             ; User Block Diagram/Schematic File  ; C:/Users/black/OneDrive/Documents/ECE473/Lab3/Ulam_Processor_Components/alu_sp.bdf      ;         ;
; Ulam_Processor_Components/48mux.bdf       ; yes             ; User Block Diagram/Schematic File  ; C:/Users/black/OneDrive/Documents/ECE473/Lab3/Ulam_Processor_Components/48mux.bdf       ;         ;
; Ulam_Processor_Components/2x8mux.bdf      ; yes             ; User Block Diagram/Schematic File  ; C:/Users/black/OneDrive/Documents/ECE473/Lab3/Ulam_Processor_Components/2x8mux.bdf      ;         ;
; controller.v                              ; yes             ; User Verilog HDL File              ; C:/Users/black/OneDrive/Documents/ECE473/Lab3/controller.v                              ;         ;
; Lab3.bdf                                  ; yes             ; User Block Diagram/Schematic File  ; C:/Users/black/OneDrive/Documents/ECE473/Lab3/Lab3.bdf                                  ;         ;
; 8faddb.tdf                                ; yes             ; Megafunction                       ; c:/intelfpga_lite/18.0/quartus/libraries/others/maxplus2/8faddb.tdf                     ;         ;
; aglobal.inc                               ; yes             ; Megafunction                       ; c:/intelfpga_lite/18.0/quartus/libraries/megafunctions/aglobal.inc                      ;         ;
; f8faddb.bdf                               ; yes             ; Megafunction                       ; c:/intelfpga_lite/18.0/quartus/libraries/others/maxplus2/f8faddb.bdf                    ;         ;
; 74377b.bdf                                ; yes             ; Megafunction                       ; c:/intelfpga_lite/18.0/quartus/libraries/others/maxplus2/74377b.bdf                     ;         ;
; enadff.bdf                                ; yes             ; Megafunction                       ; c:/intelfpga_lite/18.0/quartus/libraries/others/maxplus2/enadff.bdf                     ;         ;
+-------------------------------------------+-----------------+------------------------------------+-----------------------------------------------------------------------------------------+---------+


+------------------------------------------------------------+
; Analysis & Synthesis Resource Usage Summary                ;
+---------------------------------------------+--------------+
; Resource                                    ; Usage        ;
+---------------------------------------------+--------------+
; Estimate of Logic utilization (ALMs needed) ; 37           ;
;                                             ;              ;
; Combinational ALUT usage for logic          ; 55           ;
;     -- 7 input functions                    ; 1            ;
;     -- 6 input functions                    ; 15           ;
;     -- 5 input functions                    ; 5            ;
;     -- 4 input functions                    ; 22           ;
;     -- <=3 input functions                  ; 12           ;
;                                             ;              ;
; Dedicated logic registers                   ; 24           ;
;                                             ;              ;
; I/O pins                                    ; 31           ;
;                                             ;              ;
; Total DSP Blocks                            ; 0            ;
;                                             ;              ;
; Maximum fan-out node                        ; KEY[0]~input ;
; Maximum fan-out                             ; 24           ;
; Total fan-out                               ; 357          ;
; Average fan-out                             ; 2.53         ;
+---------------------------------------------+--------------+


+------------------------------------------------------------------------------------------------------------------------------------------------------------------------------------------------------------+
; Analysis & Synthesis Resource Utilization by Entity                                                                                                                                                        ;
+----------------------------+---------------------+---------------------------+-------------------+------------+------+--------------+-----------------------------------------+-------------+--------------+
; Compilation Hierarchy Node ; Combinational ALUTs ; Dedicated Logic Registers ; Block Memory Bits ; DSP Blocks ; Pins ; Virtual Pins ; Full Hierarchy Name                     ; Entity Name ; Library Name ;
+----------------------------+---------------------+---------------------------+-------------------+------------+------+--------------+-----------------------------------------+-------------+--------------+
; |Lab3                      ; 55 (0)              ; 24 (0)                    ; 0                 ; 0          ; 31   ; 0            ; |Lab3                                   ; Lab3        ; work         ;
;    |2x8mux:inst5|          ; 11 (11)             ; 0 (0)                     ; 0                 ; 0          ; 0    ; 0            ; |Lab3|2x8mux:inst5                      ; 2x8mux      ; work         ;
;    |74377b:inst6|          ; 0 (0)               ; 8 (0)                     ; 0                 ; 0          ; 0    ; 0            ; |Lab3|74377b:inst6                      ; 74377b      ; work         ;
;       |enadff:10|          ; 0 (0)               ; 1 (1)                     ; 0                 ; 0          ; 0    ; 0            ; |Lab3|74377b:inst6|enadff:10            ; enadff      ; work         ;
;       |enadff:15|          ; 0 (0)               ; 1 (1)                     ; 0                 ; 0          ; 0    ; 0            ; |Lab3|74377b:inst6|enadff:15            ; enadff      ; work         ;
;       |enadff:18|          ; 0 (0)               ; 1 (1)                     ; 0                 ; 0          ; 0    ; 0            ; |Lab3|74377b:inst6|enadff:18            ; enadff      ; work         ;
;       |enadff:19|          ; 0 (0)               ; 1 (1)                     ; 0                 ; 0          ; 0    ; 0            ; |Lab3|74377b:inst6|enadff:19            ; enadff      ; work         ;
;       |enadff:24|          ; 0 (0)               ; 1 (1)                     ; 0                 ; 0          ; 0    ; 0            ; |Lab3|74377b:inst6|enadff:24            ; enadff      ; work         ;
;       |enadff:25|          ; 0 (0)               ; 1 (1)                     ; 0                 ; 0          ; 0    ; 0            ; |Lab3|74377b:inst6|enadff:25            ; enadff      ; work         ;
;       |enadff:2|           ; 0 (0)               ; 1 (1)                     ; 0                 ; 0          ; 0    ; 0            ; |Lab3|74377b:inst6|enadff:2             ; enadff      ; work         ;
;       |enadff:3|           ; 0 (0)               ; 1 (1)                     ; 0                 ; 0          ; 0    ; 0            ; |Lab3|74377b:inst6|enadff:3             ; enadff      ; work         ;
;    |74377b:inst7|          ; 0 (0)               ; 8 (0)                     ; 0                 ; 0          ; 0    ; 0            ; |Lab3|74377b:inst7                      ; 74377b      ; work         ;
;       |enadff:10|          ; 0 (0)               ; 1 (1)                     ; 0                 ; 0          ; 0    ; 0            ; |Lab3|74377b:inst7|enadff:10            ; enadff      ; work         ;
;       |enadff:15|          ; 0 (0)               ; 1 (1)                     ; 0                 ; 0          ; 0    ; 0            ; |Lab3|74377b:inst7|enadff:15            ; enadff      ; work         ;
;       |enadff:18|          ; 0 (0)               ; 1 (1)                     ; 0                 ; 0          ; 0    ; 0            ; |Lab3|74377b:inst7|enadff:18            ; enadff      ; work         ;
;       |enadff:19|          ; 0 (0)               ; 1 (1)                     ; 0                 ; 0          ; 0    ; 0            ; |Lab3|74377b:inst7|enadff:19            ; enadff      ; work         ;
;       |enadff:24|          ; 0 (0)               ; 1 (1)                     ; 0                 ; 0          ; 0    ; 0            ; |Lab3|74377b:inst7|enadff:24            ; enadff      ; work         ;
;       |enadff:25|          ; 0 (0)               ; 1 (1)                     ; 0                 ; 0          ; 0    ; 0            ; |Lab3|74377b:inst7|enadff:25            ; enadff      ; work         ;
;       |enadff:2|           ; 0 (0)               ; 1 (1)                     ; 0                 ; 0          ; 0    ; 0            ; |Lab3|74377b:inst7|enadff:2             ; enadff      ; work         ;
;       |enadff:3|           ; 0 (0)               ; 1 (1)                     ; 0                 ; 0          ; 0    ; 0            ; |Lab3|74377b:inst7|enadff:3             ; enadff      ; work         ;
;    |OneDetector:inst4|     ; 1 (1)               ; 0 (0)                     ; 0                 ; 0          ; 0    ; 0            ; |Lab3|OneDetector:inst4                 ; OneDetector ; work         ;
;    |alu_sp:inst3|          ; 18 (0)              ; 0 (0)                     ; 0                 ; 0          ; 0    ; 0            ; |Lab3|alu_sp:inst3                      ; alu_sp      ; work         ;
;       |48mux:5|            ; 11 (0)              ; 0 (0)                     ; 0                 ; 0          ; 0    ; 0            ; |Lab3|alu_sp:inst3|48mux:5              ; 48mux       ; work         ;
;          |2x8mux:21|       ; 11 (11)             ; 0 (0)                     ; 0                 ; 0          ; 0    ; 0            ; |Lab3|alu_sp:inst3|48mux:5|2x8mux:21    ; 2x8mux      ; work         ;
;       |8faddb:2|           ; 7 (0)               ; 0 (0)                     ; 0                 ; 0          ; 0    ; 0            ; |Lab3|alu_sp:inst3|8faddb:2             ; 8faddb      ; work         ;
;          |f8faddb:sub|     ; 7 (7)               ; 0 (0)                     ; 0                 ; 0          ; 0    ; 0            ; |Lab3|alu_sp:inst3|8faddb:2|f8faddb:sub ; f8faddb     ; work         ;
;    |controller:inst|       ; 7 (7)               ; 8 (8)                     ; 0                 ; 0          ; 0    ; 0            ; |Lab3|controller:inst                   ; controller  ; work         ;
;    |hexdecoder:inst000|    ; 7 (7)               ; 0 (0)                     ; 0                 ; 0          ; 0    ; 0            ; |Lab3|hexdecoder:inst000                ; hexdecoder  ; work         ;
;    |hexdecoder:inst110|    ; 7 (7)               ; 0 (0)                     ; 0                 ; 0          ; 0    ; 0            ; |Lab3|hexdecoder:inst110                ; hexdecoder  ; work         ;
;    |hexdecoder:inst111|    ; 4 (4)               ; 0 (0)                     ; 0                 ; 0          ; 0    ; 0            ; |Lab3|hexdecoder:inst111                ; hexdecoder  ; work         ;
+----------------------------+---------------------+---------------------------+-------------------+------------+------+--------------+-----------------------------------------+-------------+--------------+
Note: For table entries with two numbers listed, the numbers in parentheses indicate the number of resources of the given type used by the specific entity alone. The numbers listed outside of parentheses indicate the total resources of the given type used by the specific entity and all of its sub-entities in the hierarchy.


Encoding Type:  One-Hot
+-----------------------------------------------------------------+
; State Machine - |Lab3|controller:inst|state                     ;
+----------+----------+----------+----------+----------+----------+
; Name     ; state.s3 ; state.s2 ; state.s1 ; state.s0 ; state.s4 ;
+----------+----------+----------+----------+----------+----------+
; state.s0 ; 0        ; 0        ; 0        ; 0        ; 0        ;
; state.s1 ; 0        ; 0        ; 1        ; 1        ; 0        ;
; state.s2 ; 0        ; 1        ; 0        ; 1        ; 0        ;
; state.s3 ; 1        ; 0        ; 0        ; 1        ; 0        ;
; state.s4 ; 0        ; 0        ; 0        ; 1        ; 1        ;
+----------+----------+----------+----------+----------+----------+


+------------------------------------------------------------------------------+
; Registers Removed During Synthesis                                           ;
+---------------------------------------+--------------------------------------+
; Register name                         ; Reason for Removal                   ;
+---------------------------------------+--------------------------------------+
; controller:inst|state~6               ; Lost fanout                          ;
; controller:inst|state~7               ; Lost fanout                          ;
; controller:inst|WEN                   ; Merged with controller:inst|state.s3 ;
; Total Number of Removed Registers = 3 ;                                      ;
+---------------------------------------+--------------------------------------+


+------------------------------------------------------+
; General Register Statistics                          ;
+----------------------------------------------+-------+
; Statistic                                    ; Value ;
+----------------------------------------------+-------+
; Total registers                              ; 24    ;
; Number of registers using Synchronous Clear  ; 0     ;
; Number of registers using Synchronous Load   ; 0     ;
; Number of registers using Asynchronous Clear ; 8     ;
; Number of registers using Asynchronous Load  ; 0     ;
; Number of registers using Clock Enable       ; 8     ;
; Number of registers using Preset             ; 0     ;
+----------------------------------------------+-------+


+--------------------------------------------------+
; Inverted Register Statistics                     ;
+----------------------------------------+---------+
; Inverted Register                      ; Fan out ;
+----------------------------------------+---------+
; controller:inst|FS[1]                  ; 15      ;
; controller:inst|FS[0]                  ; 18      ;
; Total number of inverted registers = 2 ;         ;
+----------------------------------------+---------+


+------------------------------------------------------------------------------------------------------------------------------------------------------+
; Multiplexer Restructuring Statistics (Restructuring Performed)                                                                                       ;
+--------------------+-----------+---------------+----------------------+------------------------+------------+----------------------------------------+
; Multiplexer Inputs ; Bus Width ; Baseline Area ; Area if Restructured ; Saving if Restructured ; Registered ; Example Multiplexer Output             ;
+--------------------+-----------+---------------+----------------------+------------------------+------------+----------------------------------------+
; 4:1                ; 6 bits    ; 12 LEs        ; 12 LEs               ; 0 LEs                  ; No         ; |Lab3|alu_sp:inst3|48mux:5|2x8mux:21|6 ;
+--------------------+-----------+---------------+----------------------+------------------------+------------+----------------------------------------+


+--------------------------------------------------------------------+
; Parameter Settings for User Entity Instance: alu_sp:inst3|8faddb:2 ;
+------------------------+-----------+-------------------------------+
; Parameter Name         ; Value     ; Type                          ;
+------------------------+-----------+-------------------------------+
; DEVICE_FAMILY          ; Cyclone V ; Untyped                       ;
; AUTO_CARRY_CHAINS      ; ON        ; AUTO_CARRY                    ;
; IGNORE_CARRY_BUFFERS   ; OFF       ; IGNORE_CARRY                  ;
; AUTO_CASCADE_CHAINS    ; ON        ; AUTO_CASCADE                  ;
; IGNORE_CASCADE_BUFFERS ; OFF       ; IGNORE_CASCADE                ;
+------------------------+-----------+-------------------------------+
Note: In order to hide this table in the UI and the text report file, please set the "Show Parameter Settings in Synthesis Report" option in "Analysis and Synthesis Settings -> More Settings" to "Off".


+--------------------------------------------------------------+
; Parameter Settings for User Entity Instance: controller:inst ;
+----------------+-------+-------------------------------------+
; Parameter Name ; Value ; Type                                ;
+----------------+-------+-------------------------------------+
; s0             ; 000   ; Unsigned Binary                     ;
; s1             ; 001   ; Unsigned Binary                     ;
; s2             ; 010   ; Unsigned Binary                     ;
; s3             ; 011   ; Unsigned Binary                     ;
; s4             ; 100   ; Unsigned Binary                     ;
+----------------+-------+-------------------------------------+
Note: In order to hide this table in the UI and the text report file, please set the "Show Parameter Settings in Synthesis Report" option in "Analysis and Synthesis Settings -> More Settings" to "Off".


+-----------------------------------------------------+
; Post-Synthesis Netlist Statistics for Top Partition ;
+-----------------------+-----------------------------+
; Type                  ; Count                       ;
+-----------------------+-----------------------------+
; arriav_ff             ; 24                          ;
;     CLR               ; 8                           ;
;     ENA               ; 8                           ;
;     plain             ; 8                           ;
; arriav_lcell_comb     ; 59                          ;
;     extend            ; 1                           ;
;         7 data inputs ; 1                           ;
;     normal            ; 58                          ;
;         0 data inputs ; 1                           ;
;         1 data inputs ; 3                           ;
;         2 data inputs ; 3                           ;
;         3 data inputs ; 9                           ;
;         4 data inputs ; 22                          ;
;         5 data inputs ; 5                           ;
;         6 data inputs ; 15                          ;
; boundary_port         ; 31                          ;
;                       ;                             ;
; Max LUT depth         ; 6.00                        ;
; Average LUT depth     ; 3.87                        ;
+-----------------------+-----------------------------+


+-------------------------------+
; Elapsed Time Per Partition    ;
+----------------+--------------+
; Partition Name ; Elapsed Time ;
+----------------+--------------+
; Top            ; 00:00:00     ;
+----------------+--------------+


+-------------------------------+
; Analysis & Synthesis Messages ;
+-------------------------------+
Info: *******************************************************************
Info: Running Quartus Prime Analysis & Synthesis
    Info: Version 18.0.0 Build 614 04/24/2018 SJ Lite Edition
    Info: Processing started: Wed Oct 03 15:06:58 2018
Info: Command: quartus_map --read_settings_files=on --write_settings_files=off Lab3 -c Lab3
Warning (18236): Number of processors has not been specified which may cause overloading on shared machines.  Set the global assignment NUM_PARALLEL_PROCESSORS in your QSF to an appropriate value for best performance.
Info (20030): Parallel compilation is enabled and will use 6 of the 6 processors detected
Info (12021): Found 1 design units, including 1 entities, in source file /users/black/onedrive/documents/ece473/lab2/hexdecoder.v
    Info (12023): Found entity 1: hexdecoder File: C:/Users/black/OneDrive/Documents/ECE473/Lab2/hexdecoder.v Line: 1
Info (12021): Found 1 design units, including 1 entities, in source file hex_controller.v
    Info (12023): Found entity 1: hex_controller File: C:/Users/black/OneDrive/Documents/ECE473/Lab3/hex_controller.v Line: 7
Info (12021): Found 1 design units, including 1 entities, in source file ulam_processor_components/wire_ex.bdf
    Info (12023): Found entity 1: wire_ex
Info (12021): Found 1 design units, including 1 entities, in source file ulam_processor_components/onedetector.bdf
    Info (12023): Found entity 1: OneDetector
Info (12021): Found 1 design units, including 1 entities, in source file ulam_processor_components/alu_sp.bdf
    Info (12023): Found entity 1: alu_sp
Info (12021): Found 1 design units, including 1 entities, in source file ulam_processor_components/48mux.bdf
    Info (12023): Found entity 1: 48mux
Warning (12090): Entity "2x8mux" obtained from "Ulam_Processor_Components/2x8mux.bdf" instead of from Quartus Prime megafunction library
Info (12021): Found 1 design units, including 1 entities, in source file ulam_processor_components/2x8mux.bdf
    Info (12023): Found entity 1: 2x8mux
Info (12021): Found 1 design units, including 1 entities, in source file top1.v
    Info (12023): Found entity 1: top1 File: C:/Users/black/OneDrive/Documents/ECE473/Lab3/top1.v Line: 5
Info (12021): Found 1 design units, including 1 entities, in source file de0_cv_golden_top.v
    Info (12023): Found entity 1: DE0_CV_golden_top File: C:/Users/black/OneDrive/Documents/ECE473/Lab3/DE0_CV_golden_top.v Line: 54
Info (12021): Found 1 design units, including 1 entities, in source file controller.v
    Info (12023): Found entity 1: controller File: C:/Users/black/OneDrive/Documents/ECE473/Lab3/controller.v Line: 1
Info (12021): Found 1 design units, including 1 entities, in source file lab3.bdf
    Info (12023): Found entity 1: Lab3
Info (12127): Elaborating entity "Lab3" for the top level hierarchy
Info (12128): Elaborating entity "hexdecoder" for hierarchy "hexdecoder:inst110"
Info (12128): Elaborating entity "alu_sp" for hierarchy "alu_sp:inst3"
Info (12128): Elaborating entity "48mux" for hierarchy "alu_sp:inst3|48mux:5"
Info (12128): Elaborating entity "2x8mux" for hierarchy "alu_sp:inst3|48mux:5|2x8mux:21"
Info (12128): Elaborating entity "wire_ex" for hierarchy "alu_sp:inst3|wire_ex:4"
Info (12128): Elaborating entity "8faddb" for hierarchy "alu_sp:inst3|8faddb:2"
Info (12130): Elaborated megafunction instantiation "alu_sp:inst3|8faddb:2"
Info (12128): Elaborating entity "f8faddb" for hierarchy "alu_sp:inst3|8faddb:2|f8faddb:sub" File: c:/intelfpga_lite/18.0/quartus/libraries/others/maxplus2/8faddb.tdf Line: 24
Info (12131): Elaborated megafunction instantiation "alu_sp:inst3|8faddb:2|f8faddb:sub", which is child of megafunction instantiation "alu_sp:inst3|8faddb:2" File: c:/intelfpga_lite/18.0/quartus/libraries/others/maxplus2/8faddb.tdf Line: 24
Info (12128): Elaborating entity "74377b" for hierarchy "74377b:inst6"
Info (12130): Elaborated megafunction instantiation "74377b:inst6"
Info (12128): Elaborating entity "enadff" for hierarchy "74377b:inst6|enadff:15"
Info (12131): Elaborated megafunction instantiation "74377b:inst6|enadff:15", which is child of megafunction instantiation "74377b:inst6"
Info (12128): Elaborating entity "controller" for hierarchy "controller:inst"
Info (12128): Elaborating entity "OneDetector" for hierarchy "OneDetector:inst4"
Info (13014): Ignored 27 buffer(s)
    Info (13015): Ignored 7 CARRY buffer(s)
    Info (13019): Ignored 20 SOFT buffer(s)
Warning (13024): Output pins are stuck at VCC or GND
    Warning (13410): Pin "HEX2[1]" is stuck at GND
Info (286030): Timing-Driven Synthesis is running
Info (17049): 2 registers lost all their fanouts during netlist optimizations.
Info (144001): Generated suppressed messages file C:/Users/black/OneDrive/Documents/ECE473/Lab3/output_files/Lab3.map.smsg
Info (16010): Generating hard_block partition "hard_block:auto_generated_inst"
    Info (16011): Adding 0 node(s), including 0 DDIO, 0 PLL, 0 transceiver and 0 LCELL
Info (21057): Implemented 104 device resources after synthesis - the final resource count might be different
    Info (21058): Implemented 10 input pins
    Info (21059): Implemented 21 output pins
    Info (21061): Implemented 73 logic cells
Info: Quartus Prime Analysis & Synthesis was successful. 0 errors, 4 warnings
    Info: Peak virtual memory: 4869 megabytes
    Info: Processing ended: Wed Oct 03 15:07:09 2018
    Info: Elapsed time: 00:00:11
    Info: Total CPU time (on all processors): 00:00:21


+------------------------------------------+
; Analysis & Synthesis Suppressed Messages ;
+------------------------------------------+
The suppressed messages can be found in C:/Users/black/OneDrive/Documents/ECE473/Lab3/output_files/Lab3.map.smsg.


