Flow report for VGADEMO
Wed Nov 28 17:56:58 2018
Quartus Prime Version 18.0.0 Build 614 04/24/2018 SJ Lite Edition


---------------------
; Table of Contents ;
---------------------
  1. Legal Notice
  2. Flow Summary
  3. Flow Settings
  4. Flow Non-Default Global Settings
  5. Flow Elapsed Time
  6. Flow OS Summary
  7. Flow Log
  8. Flow Messages
  9. Flow Suppressed Messages



----------------
; Legal Notice ;
----------------
Copyright (C) 2018  Intel Corporation. All rights reserved.
Your use of Intel Corporation's design tools, logic functions 
and other software and tools, and its AMPP partner logic 
functions, and any output files from any of the foregoing 
(including device programming or simulation files), and any 
associated documentation or information are expressly subject 
to the terms and conditions of the Intel Program License 
Subscription Agreement, the Intel Quartus Prime License Agreement,
the Intel FPGA IP License Agreement, or other applicable license
agreement, including, without limitation, that your use is for
the sole purpose of programming logic devices manufactured by
Intel and sold by Intel or its authorized distributors.  Please
refer to the applicable agreement for further details.



+-------------------------------------------------------------------------------+
; Flow Summary                                                                  ;
+---------------------------------+---------------------------------------------+
; Flow Status                     ; Successful - Wed Nov 28 17:55:43 2018       ;
; Quartus Prime Version           ; 18.0.0 Build 614 04/24/2018 SJ Lite Edition ;
; Revision Name                   ; VGADEMO                                     ;
; Top-level Entity Name           ; VGADEMO                                     ;
; Family                          ; Cyclone V                                   ;
; Device                          ; 5CEBA4F23C7                                 ;
; Timing Models                   ; Final                                       ;
; Logic utilization (in ALMs)     ; 2,916 / 18,480 ( 16 % )                     ;
; Total registers                 ; 2322                                        ;
; Total pins                      ; 36 / 224 ( 16 % )                           ;
; Total virtual pins              ; 0                                           ;
; Total block memory bits         ; 311,296 / 3,153,920 ( 10 % )                ;
; Total DSP Blocks                ; 1 / 66 ( 2 % )                              ;
; Total HSSI RX PCSs              ; 0                                           ;
; Total HSSI PMA RX Deserializers ; 0                                           ;
; Total HSSI TX PCSs              ; 0                                           ;
; Total HSSI PMA TX Serializers   ; 0                                           ;
; Total PLLs                      ; 1 / 4 ( 25 % )                              ;
; Total DLLs                      ; 0 / 4 ( 0 % )                               ;
+---------------------------------+---------------------------------------------+


+-----------------------------------------+
; Flow Settings                           ;
+-------------------+---------------------+
; Option            ; Setting             ;
+-------------------+---------------------+
; Start date & time ; 11/28/2018 17:49:57 ;
; Main task         ; Compilation         ;
; Revision Name     ; VGADEMO             ;
+-------------------+---------------------+


+-------------------------------------------------------------------------------------------------------------------------+
; Flow Non-Default Global Settings                                                                                        ;
+-------------------------------------+----------------------------------------+---------------+-------------+------------+
; Assignment Name                     ; Value                                  ; Default Value ; Entity Name ; Section Id ;
+-------------------------------------+----------------------------------------+---------------+-------------+------------+
; COMPILER_SIGNATURE_ID               ; 84440849853851.154344899721600         ; --            ; --          ; --         ;
; FITTER_EFFORT                       ; Standard Fit                           ; Auto Fit      ; --          ; --         ;
; MAX_CORE_JUNCTION_TEMP              ; 85                                     ; --            ; --          ; --         ;
; MIN_CORE_JUNCTION_TEMP              ; 0                                      ; --            ; --          ; --         ;
; MISC_FILE                           ; instructionmem.bsf                     ; --            ; --          ; --         ;
; MISC_FILE                           ; instructionmem_inst.v                  ; --            ; --          ; --         ;
; MISC_FILE                           ; instructionmem_bb.v                    ; --            ; --          ; --         ;
; MISC_FILE                           ; instructionmem.inc                     ; --            ; --          ; --         ;
; MISC_FILE                           ; instructionmem.cmp                     ; --            ; --          ; --         ;
; MISC_FILE                           ; datamem.bsf                            ; --            ; --          ; --         ;
; MISC_FILE                           ; datamem_inst.v                         ; --            ; --          ; --         ;
; MISC_FILE                           ; datamem_bb.v                           ; --            ; --          ; --         ;
; MISC_FILE                           ; datamem.inc                            ; --            ; --          ; --         ;
; MISC_FILE                           ; datamem.cmp                            ; --            ; --          ; --         ;
; MISC_FILE                           ; MUX_2x32.bsf                           ; --            ; --          ; --         ;
; MISC_FILE                           ; MUX_2x32_bb.v                          ; --            ; --          ; --         ;
; MISC_FILE                           ; MUX_3x32.bsf                           ; --            ; --          ; --         ;
; MISC_FILE                           ; MUX_3x32_bb.v                          ; --            ; --          ; --         ;
; MISC_FILE                           ; MUX_2x5.bsf                            ; --            ; --          ; --         ;
; MISC_FILE                           ; MUX_2x5_bb.v                           ; --            ; --          ; --         ;
; MISC_FILE                           ; MUX2x1.bsf                             ; --            ; --          ; --         ;
; MISC_FILE                           ; MUX2x1.cmp                             ; --            ; --          ; --         ;
; MISC_FILE                           ; MUX_4x1.bsf                            ; --            ; --          ; --         ;
; MISC_FILE                           ; MUX_4x1_bb.v                           ; --            ; --          ; --         ;
; PARTITION_COLOR                     ; -- (Not supported for targeted family) ; --            ; DE0_CV      ; Top        ;
; PARTITION_COLOR                     ; -- (Not supported for targeted family) ; --            ; --          ; Top        ;
; PARTITION_FITTER_PRESERVATION_LEVEL ; -- (Not supported for targeted family) ; --            ; DE0_CV      ; Top        ;
; PARTITION_FITTER_PRESERVATION_LEVEL ; -- (Not supported for targeted family) ; --            ; --          ; Top        ;
; PARTITION_NETLIST_TYPE              ; -- (Not supported for targeted family) ; --            ; DE0_CV      ; Top        ;
; PARTITION_NETLIST_TYPE              ; -- (Not supported for targeted family) ; --            ; --          ; Top        ;
; POWER_BOARD_THERMAL_MODEL           ; None (CONSERVATIVE)                    ; --            ; --          ; --         ;
; POWER_PRESET_COOLING_SOLUTION       ; 23 MM HEAT SINK WITH 200 LFPM AIRFLOW  ; --            ; --          ; --         ;
; PROJECT_OUTPUT_DIRECTORY            ; output_files                           ; --            ; --          ; --         ;
; SMART_RECOMPILE                     ; On                                     ; Off           ; --          ; --         ;
+-------------------------------------+----------------------------------------+---------------+-------------+------------+


+--------------------------------------------------------------------------------------------------------------------------+
; Flow Elapsed Time                                                                                                        ;
+----------------------+--------------+-------------------------+---------------------+------------------------------------+
; Module Name          ; Elapsed Time ; Average Processors Used ; Peak Virtual Memory ; Total CPU Time (on all processors) ;
+----------------------+--------------+-------------------------+---------------------+------------------------------------+
; Analysis & Synthesis ; 00:01:12     ; 1.0                     ; 4963 MB             ; 00:01:26                           ;
; Fitter               ; 00:04:21     ; 1.1                     ; 6439 MB             ; 00:08:01                           ;
; Assembler            ; 00:00:08     ; 1.0                     ; 4874 MB             ; 00:00:07                           ;
; Timing Analyzer      ; 00:01:14     ; 1.3                     ; 5233 MB             ; 00:01:32                           ;
; Total                ; 00:06:55     ; --                      ; --                  ; 00:11:06                           ;
+----------------------+--------------+-------------------------+---------------------+------------------------------------+


+------------------------------------------------------------------------------------+
; Flow OS Summary                                                                    ;
+----------------------+------------------+------------+------------+----------------+
; Module Name          ; Machine Hostname ; OS Name    ; OS Version ; Processor type ;
+----------------------+------------------+------------+------------+----------------+
; Analysis & Synthesis ; DESKTOP-UJF1JTS  ; Windows 10 ; 10.0       ; x86_64         ;
; Fitter               ; DESKTOP-UJF1JTS  ; Windows 10 ; 10.0       ; x86_64         ;
; Assembler            ; DESKTOP-UJF1JTS  ; Windows 10 ; 10.0       ; x86_64         ;
; Timing Analyzer      ; DESKTOP-UJF1JTS  ; Windows 10 ; 10.0       ; x86_64         ;
+----------------------+------------------+------------+------------+----------------+


------------
; Flow Log ;
------------
quartus_map --read_settings_files=on --write_settings_files=off VGADEMO -c VGADEMO
quartus_fit --read_settings_files=off --write_settings_files=off VGADEMO -c VGADEMO
quartus_asm --read_settings_files=off --write_settings_files=off VGADEMO -c VGADEMO
quartus_sta VGADEMO -c VGADEMO



