Assembler report for Lab1
Sat Sep 15 11:42:15 2018
Quartus Prime Version 18.0.0 Build 614 04/24/2018 SJ Lite Edition


---------------------
; Table of Contents ;
---------------------
  1. Legal Notice
  2. Assembler Summary
  3. Assembler Settings
  4. Assembler Generated Files
  5. Assembler Device Options: C:/Users/black/OneDrive/Documents/ECE473/Lab1/output_files/Lab1.sof
  6. Assembler Device Options: C:/Users/black/OneDrive/Documents/ECE473/Lab1/output_files/Lab1.pof
  7. Assembler Messages



----------------
; Legal Notice ;
----------------
Copyright (C) 2018  Intel Corporation. All rights reserved.
Your use of Intel Corporation's design tools, logic functions 
and other software and tools, and its AMPP partner logic 
functions, and any output files from any of the foregoing 
(including device programming or simulation files), and any 
associated documentation or information are expressly subject 
to the terms and conditions of the Intel Program License 
Subscription Agreement, the Intel Quartus Prime License Agreement,
the Intel FPGA IP License Agreement, or other applicable license
agreement, including, without limitation, that your use is for
the sole purpose of programming logic devices manufactured by
Intel and sold by Intel or its authorized distributors.  Please
refer to the applicable agreement for further details.



+---------------------------------------------------------------+
; Assembler Summary                                             ;
+-----------------------+---------------------------------------+
; Assembler Status      ; Successful - Sat Sep 15 11:42:15 2018 ;
; Revision Name         ; Lab1                                  ;
; Top-level Entity Name ; carrysave_ripplecarry_adder           ;
; Family                ; Cyclone V                             ;
; Device                ; 5CEBA4F23C7                           ;
+-----------------------+---------------------------------------+


+----------------------------------+
; Assembler Settings               ;
+--------+---------+---------------+
; Option ; Setting ; Default Value ;
+--------+---------+---------------+


+---------------------------------------------------------------------+
; Assembler Generated Files                                           ;
+---------------------------------------------------------------------+
; File Name                                                           ;
+---------------------------------------------------------------------+
; C:/Users/black/OneDrive/Documents/ECE473/Lab1/output_files/Lab1.sof ;
; C:/Users/black/OneDrive/Documents/ECE473/Lab1/output_files/Lab1.pof ;
+---------------------------------------------------------------------+


+-----------------------------------------------------------------------------------------------+
; Assembler Device Options: C:/Users/black/OneDrive/Documents/ECE473/Lab1/output_files/Lab1.sof ;
+----------------+------------------------------------------------------------------------------+
; Option         ; Setting                                                                      ;
+----------------+------------------------------------------------------------------------------+
; JTAG usercode  ; 0x004E267C                                                                   ;
; Checksum       ; 0x004E267C                                                                   ;
+----------------+------------------------------------------------------------------------------+


+-----------------------------------------------------------------------------------------------+
; Assembler Device Options: C:/Users/black/OneDrive/Documents/ECE473/Lab1/output_files/Lab1.pof ;
+--------------------+--------------------------------------------------------------------------+
; Option             ; Setting                                                                  ;
+--------------------+--------------------------------------------------------------------------+
; JTAG usercode      ; 0x00000000                                                               ;
; Checksum           ; 0x74B3EC80                                                               ;
; Compression Ratio  ; 3                                                                        ;
+--------------------+--------------------------------------------------------------------------+


+--------------------+
; Assembler Messages ;
+--------------------+
Info: *******************************************************************
Info: Running Quartus Prime Assembler
    Info: Version 18.0.0 Build 614 04/24/2018 SJ Lite Edition
    Info: Processing started: Sat Sep 15 11:42:10 2018
Info: Command: quartus_asm --read_settings_files=off --write_settings_files=off Lab1 -c Lab1
Warning (18236): Number of processors has not been specified which may cause overloading on shared machines.  Set the global assignment NUM_PARALLEL_PROCESSORS in your QSF to an appropriate value for best performance.
Info (115030): Assembler is generating device programming files
Info: Quartus Prime Assembler was successful. 0 errors, 1 warning
    Info: Peak virtual memory: 738 megabytes
    Info: Processing ended: Sat Sep 15 11:42:15 2018
    Info: Elapsed time: 00:00:05
    Info: Total CPU time (on all processors): 00:00:04


